<?xml version="1.0" encoding="UTF-8"?>
<!-- Generated by org.testng.reporters.JUnitReportReporter -->
<testsuite hostname="IBM-PF2X4VF0" failures="0" tests="1" name="tests.LoginTest" time="40.578" errors="0" timestamp="2023-01-11T15:00:06 IST" skipped="0">
  <testcase classname="tests.LoginTest" name="verifyLogin" time="40.578"/>
  <system-out/>
</testsuite> <!-- tests.LoginTest -->
